[2015-03-31 17:04:38] production.ERROR: exception 'Symfony\Component\Debug\Exception\FatalErrorException' with message 'Class 'App\Http\Controllers\Barang' not found' in D:\xampp2\htdocs\levi-master\levifiles\app\Http\Controllers\BarangController.php:8
Stack trace:
#0 D:\xampp2\htdocs\levi-master\levifiles\storage\framework\compiled.php(1721): Illuminate\Foundation\Bootstrap\HandleExceptions->fatalExceptionFromError(Array)
#1 [internal function]: Illuminate\Foundation\Bootstrap\HandleExceptions->handleShutdown()
#2 {main}  
[2015-03-31 17:05:03] production.ERROR: exception 'Symfony\Component\Debug\Exception\FatalErrorException' with message 'Class 'App\Http\Controllers\Barang' not found' in D:\xampp2\htdocs\levi-master\levifiles\app\Http\Controllers\BarangController.php:8
Stack trace:
#0 D:\xampp2\htdocs\levi-master\levifiles\storage\framework\compiled.php(1721): Illuminate\Foundation\Bootstrap\HandleExceptions->fatalExceptionFromError(Array)
#1 [internal function]: Illuminate\Foundation\Bootstrap\HandleExceptions->handleShutdown()
#2 {main}  
[2015-03-31 17:07:22] production.ERROR: exception 'Symfony\Component\Debug\Exception\FatalErrorException' with message 'Class 'App\Http\Controllers\Barang' not found' in D:\xampp2\htdocs\levi-master\levifiles\app\Http\Controllers\BarangController.php:8
Stack trace:
#0 D:\xampp2\htdocs\levi-master\levifiles\storage\framework\compiled.php(1721): Illuminate\Foundation\Bootstrap\HandleExceptions->fatalExceptionFromError(Array)
#1 [internal function]: Illuminate\Foundation\Bootstrap\HandleExceptions->handleShutdown()
#2 {main}  
[2015-03-31 17:15:17] production.ERROR: exception 'Symfony\Component\Debug\Exception\FatalErrorException' with message 'Class 'App\Http\Controllers\Barang' not found' in D:\xampp2\htdocs\levi-master\levifiles\app\Http\Controllers\BarangController.php:8
Stack trace:
#0 D:\xampp2\htdocs\levi-master\levifiles\storage\framework\compiled.php(1721): Illuminate\Foundation\Bootstrap\HandleExceptions->fatalExceptionFromError(Array)
#1 [internal function]: Illuminate\Foundation\Bootstrap\HandleExceptions->handleShutdown()
#2 {main}  
[2015-03-31 17:15:18] production.ERROR: exception 'Symfony\Component\Debug\Exception\FatalErrorException' with message 'Class 'App\Http\Controllers\Barang' not found' in D:\xampp2\htdocs\levi-master\levifiles\app\Http\Controllers\BarangController.php:8
Stack trace:
#0 D:\xampp2\htdocs\levi-master\levifiles\storage\framework\compiled.php(1721): Illuminate\Foundation\Bootstrap\HandleExceptions->fatalExceptionFromError(Array)
#1 [internal function]: Illuminate\Foundation\Bootstrap\HandleExceptions->handleShutdown()
#2 {main}  
[2015-03-31 17:15:19] production.ERROR: exception 'Symfony\Component\Debug\Exception\FatalErrorException' with message 'Class 'App\Http\Controllers\Barang' not found' in D:\xampp2\htdocs\levi-master\levifiles\app\Http\Controllers\BarangController.php:8
Stack trace:
#0 D:\xampp2\htdocs\levi-master\levifiles\storage\framework\compiled.php(1721): Illuminate\Foundation\Bootstrap\HandleExceptions->fatalExceptionFromError(Array)
#1 [internal function]: Illuminate\Foundation\Bootstrap\HandleExceptions->handleShutdown()
#2 {main}  
[2015-03-31 17:15:19] production.ERROR: exception 'Symfony\Component\Debug\Exception\FatalErrorException' with message 'Class 'App\Http\Controllers\Barang' not found' in D:\xampp2\htdocs\levi-master\levifiles\app\Http\Controllers\BarangController.php:8
Stack trace:
#0 D:\xampp2\htdocs\levi-master\levifiles\storage\framework\compiled.php(1721): Illuminate\Foundation\Bootstrap\HandleExceptions->fatalExceptionFromError(Array)
#1 [internal function]: Illuminate\Foundation\Bootstrap\HandleExceptions->handleShutdown()
#2 {main}  
[2015-03-31 17:15:19] production.ERROR: exception 'Symfony\Component\Debug\Exception\FatalErrorException' with message 'Class 'App\Http\Controllers\Barang' not found' in D:\xampp2\htdocs\levi-master\levifiles\app\Http\Controllers\BarangController.php:8
Stack trace:
#0 D:\xampp2\htdocs\levi-master\levifiles\storage\framework\compiled.php(1721): Illuminate\Foundation\Bootstrap\HandleExceptions->fatalExceptionFromError(Array)
#1 [internal function]: Illuminate\Foundation\Bootstrap\HandleExceptions->handleShutdown()
#2 {main}  
[2015-03-31 17:15:19] production.ERROR: exception 'Symfony\Component\Debug\Exception\FatalErrorException' with message 'Class 'App\Http\Controllers\Barang' not found' in D:\xampp2\htdocs\levi-master\levifiles\app\Http\Controllers\BarangController.php:8
Stack trace:
#0 D:\xampp2\htdocs\levi-master\levifiles\storage\framework\compiled.php(1721): Illuminate\Foundation\Bootstrap\HandleExceptions->fatalExceptionFromError(Array)
#1 [internal function]: Illuminate\Foundation\Bootstrap\HandleExceptions->handleShutdown()
#2 {main}  
[2015-03-31 17:15:57] production.ERROR: exception 'Symfony\Component\Debug\Exception\FatalErrorException' with message 'Class 'App\Http\Controllers\Barang' not found' in D:\xampp2\htdocs\levi-master\levifiles\app\Http\Controllers\BarangController.php:8
Stack trace:
#0 D:\xampp2\htdocs\levi-master\levifiles\storage\framework\compiled.php(1721): Illuminate\Foundation\Bootstrap\HandleExceptions->fatalExceptionFromError(Array)
#1 [internal function]: Illuminate\Foundation\Bootstrap\HandleExceptions->handleShutdown()
#2 {main}  
[2015-03-31 17:15:57] production.ERROR: exception 'Symfony\Component\Debug\Exception\FatalErrorException' with message 'Class 'App\Http\Controllers\Barang' not found' in D:\xampp2\htdocs\levi-master\levifiles\app\Http\Controllers\BarangController.php:8
Stack trace:
#0 D:\xampp2\htdocs\levi-master\levifiles\storage\framework\compiled.php(1721): Illuminate\Foundation\Bootstrap\HandleExceptions->fatalExceptionFromError(Array)
#1 [internal function]: Illuminate\Foundation\Bootstrap\HandleExceptions->handleShutdown()
#2 {main}  
[2015-03-31 17:20:50] production.ERROR: exception 'Symfony\Component\Debug\Exception\FatalErrorException' with message 'Class 'App\Http\Controllers\Barang' not found' in D:\xampp2\htdocs\levi-master\levifiles\app\Http\Controllers\BarangController.php:8
Stack trace:
#0 D:\xampp2\htdocs\levi-master\levifiles\storage\framework\compiled.php(1721): Illuminate\Foundation\Bootstrap\HandleExceptions->fatalExceptionFromError(Array)
#1 [internal function]: Illuminate\Foundation\Bootstrap\HandleExceptions->handleShutdown()
#2 {main}  
[2015-03-31 17:20:51] production.ERROR: exception 'Symfony\Component\Debug\Exception\FatalErrorException' with message 'Class 'App\Http\Controllers\Barang' not found' in D:\xampp2\htdocs\levi-master\levifiles\app\Http\Controllers\BarangController.php:8
Stack trace:
#0 D:\xampp2\htdocs\levi-master\levifiles\storage\framework\compiled.php(1721): Illuminate\Foundation\Bootstrap\HandleExceptions->fatalExceptionFromError(Array)
#1 [internal function]: Illuminate\Foundation\Bootstrap\HandleExceptions->handleShutdown()
#2 {main}  
[2015-03-31 17:20:57] production.ERROR: exception 'Symfony\Component\Debug\Exception\FatalErrorException' with message 'Class 'App\Http\Controllers\Barang' not found' in D:\xampp2\htdocs\levi-master\levifiles\app\Http\Controllers\BarangController.php:8
Stack trace:
#0 D:\xampp2\htdocs\levi-master\levifiles\storage\framework\compiled.php(1721): Illuminate\Foundation\Bootstrap\HandleExceptions->fatalExceptionFromError(Array)
#1 [internal function]: Illuminate\Foundation\Bootstrap\HandleExceptions->handleShutdown()
#2 {main}  
[2015-03-31 17:21:08] production.ERROR: exception 'Symfony\Component\Debug\Exception\FatalErrorException' with message 'Class 'App\Http\Controllers\Barang' not found' in D:\xampp2\htdocs\levi-master\levifiles\app\Http\Controllers\BarangController.php:8
Stack trace:
#0 D:\xampp2\htdocs\levi-master\levifiles\storage\framework\compiled.php(1721): Illuminate\Foundation\Bootstrap\HandleExceptions->fatalExceptionFromError(Array)
#1 [internal function]: Illuminate\Foundation\Bootstrap\HandleExceptions->handleShutdown()
#2 {main}  
[2015-03-31 17:21:09] production.ERROR: exception 'Symfony\Component\Debug\Exception\FatalErrorException' with message 'Class 'App\Http\Controllers\Barang' not found' in D:\xampp2\htdocs\levi-master\levifiles\app\Http\Controllers\BarangController.php:8
Stack trace:
#0 D:\xampp2\htdocs\levi-master\levifiles\storage\framework\compiled.php(1721): Illuminate\Foundation\Bootstrap\HandleExceptions->fatalExceptionFromError(Array)
#1 [internal function]: Illuminate\Foundation\Bootstrap\HandleExceptions->handleShutdown()
#2 {main}  
[2015-03-31 17:21:13] production.ERROR: exception 'Symfony\Component\Debug\Exception\FatalErrorException' with message 'Class 'App\Http\Controllers\Barang' not found' in D:\xampp2\htdocs\levi-master\levifiles\app\Http\Controllers\BarangController.php:8
Stack trace:
#0 D:\xampp2\htdocs\levi-master\levifiles\storage\framework\compiled.php(1721): Illuminate\Foundation\Bootstrap\HandleExceptions->fatalExceptionFromError(Array)
#1 [internal function]: Illuminate\Foundation\Bootstrap\HandleExceptions->handleShutdown()
#2 {main}  
[2015-03-31 17:21:28] production.ERROR: exception 'Symfony\Component\Debug\Exception\FatalErrorException' with message 'Class 'App\Http\Controllers\Barang' not found' in D:\xampp2\htdocs\levi-master\levifiles\app\Http\Controllers\BarangController.php:8
Stack trace:
#0 D:\xampp2\htdocs\levi-master\levifiles\storage\framework\compiled.php(1721): Illuminate\Foundation\Bootstrap\HandleExceptions->fatalExceptionFromError(Array)
#1 [internal function]: Illuminate\Foundation\Bootstrap\HandleExceptions->handleShutdown()
#2 {main}  
[2015-03-31 17:21:39] production.ERROR: exception 'Symfony\Component\Debug\Exception\FatalErrorException' with message 'Class 'App\Http\Controllers\Barang' not found' in D:\xampp2\htdocs\levi-master\levifiles\app\Http\Controllers\BarangController.php:8
Stack trace:
#0 D:\xampp2\htdocs\levi-master\levifiles\storage\framework\compiled.php(1721): Illuminate\Foundation\Bootstrap\HandleExceptions->fatalExceptionFromError(Array)
#1 [internal function]: Illuminate\Foundation\Bootstrap\HandleExceptions->handleShutdown()
#2 {main}  
[2015-03-31 17:21:43] production.ERROR: exception 'Symfony\Component\Debug\Exception\FatalErrorException' with message 'Class 'App\Http\Controllers\Barang' not found' in D:\xampp2\htdocs\levi-master\levifiles\app\Http\Controllers\BarangController.php:8
Stack trace:
#0 D:\xampp2\htdocs\levi-master\levifiles\storage\framework\compiled.php(1721): Illuminate\Foundation\Bootstrap\HandleExceptions->fatalExceptionFromError(Array)
#1 [internal function]: Illuminate\Foundation\Bootstrap\HandleExceptions->handleShutdown()
#2 {main}  
[2015-03-31 17:24:03] production.ERROR: exception 'Symfony\Component\Debug\Exception\FatalErrorException' with message 'Class 'App\Http\Controllers\Barang' not found' in D:\xampp2\htdocs\levi-master\levifiles\app\Http\Controllers\BarangController.php:8
Stack trace:
#0 D:\xampp2\htdocs\levi-master\levifiles\storage\framework\compiled.php(1721): Illuminate\Foundation\Bootstrap\HandleExceptions->fatalExceptionFromError(Array)
#1 [internal function]: Illuminate\Foundation\Bootstrap\HandleExceptions->handleShutdown()
#2 {main}  
[2015-03-31 17:25:27] production.ERROR: exception 'Symfony\Component\Debug\Exception\FatalErrorException' with message 'Class 'Barang' not found' in D:\xampp2\htdocs\levi-master\levifiles\app\Http\Controllers\BarangController.php:8
Stack trace:
#0 D:\xampp2\htdocs\levi-master\levifiles\storage\framework\compiled.php(1721): Illuminate\Foundation\Bootstrap\HandleExceptions->fatalExceptionFromError(Array)
#1 [internal function]: Illuminate\Foundation\Bootstrap\HandleExceptions->handleShutdown()
#2 {main}  
[2015-03-31 17:25:34] production.ERROR: exception 'Symfony\Component\Debug\Exception\FatalErrorException' with message 'Class 'App\Http\Controllers\Model\Barang' not found' in D:\xampp2\htdocs\levi-master\levifiles\app\Http\Controllers\BarangController.php:8
Stack trace:
#0 D:\xampp2\htdocs\levi-master\levifiles\storage\framework\compiled.php(1721): Illuminate\Foundation\Bootstrap\HandleExceptions->fatalExceptionFromError(Array)
#1 [internal function]: Illuminate\Foundation\Bootstrap\HandleExceptions->handleShutdown()
#2 {main}  
[2015-03-31 17:25:42] production.ERROR: exception 'Symfony\Component\Debug\Exception\FatalErrorException' with message 'Class 'Model\Barang' not found' in D:\xampp2\htdocs\levi-master\levifiles\app\Http\Controllers\BarangController.php:8
Stack trace:
#0 D:\xampp2\htdocs\levi-master\levifiles\storage\framework\compiled.php(1721): Illuminate\Foundation\Bootstrap\HandleExceptions->fatalExceptionFromError(Array)
#1 [internal function]: Illuminate\Foundation\Bootstrap\HandleExceptions->handleShutdown()
#2 {main}  
[2015-03-31 17:26:09] production.ERROR: exception 'Symfony\Component\Debug\Exception\FatalErrorException' with message 'Class 'App\Http\Controllers\Barang' not found' in D:\xampp2\htdocs\levi-master\levifiles\app\Http\Controllers\BarangController.php:8
Stack trace:
#0 D:\xampp2\htdocs\levi-master\levifiles\storage\framework\compiled.php(1721): Illuminate\Foundation\Bootstrap\HandleExceptions->fatalExceptionFromError(Array)
#1 [internal function]: Illuminate\Foundation\Bootstrap\HandleExceptions->handleShutdown()
#2 {main}  
[2015-03-31 17:26:13] production.ERROR: exception 'Symfony\Component\Debug\Exception\FatalErrorException' with message 'Class 'Barang' not found' in D:\xampp2\htdocs\levi-master\levifiles\app\Http\Controllers\BarangController.php:8
Stack trace:
#0 D:\xampp2\htdocs\levi-master\levifiles\storage\framework\compiled.php(1721): Illuminate\Foundation\Bootstrap\HandleExceptions->fatalExceptionFromError(Array)
#1 [internal function]: Illuminate\Foundation\Bootstrap\HandleExceptions->handleShutdown()
#2 {main}  
[2015-03-31 17:26:33] production.ERROR: exception 'Symfony\Component\Debug\Exception\FatalErrorException' with message 'Class 'App\Model\Model' not found' in D:\xampp2\htdocs\levi-master\levifiles\app\Http\Controllers\Barang.php:4
Stack trace:
#0 D:\xampp2\htdocs\levi-master\levifiles\storage\framework\compiled.php(1721): Illuminate\Foundation\Bootstrap\HandleExceptions->fatalExceptionFromError(Array)
#1 [internal function]: Illuminate\Foundation\Bootstrap\HandleExceptions->handleShutdown()
#2 {main}  
[2015-03-31 17:26:50] production.ERROR: exception 'Symfony\Component\Debug\Exception\FatalErrorException' with message 'Class 'Model' not found' in D:\xampp2\htdocs\levi-master\levifiles\app\Http\Controllers\Barang.php:3
Stack trace:
#0 D:\xampp2\htdocs\levi-master\levifiles\storage\framework\compiled.php(1721): Illuminate\Foundation\Bootstrap\HandleExceptions->fatalExceptionFromError(Array)
#1 [internal function]: Illuminate\Foundation\Bootstrap\HandleExceptions->handleShutdown()
#2 {main}  
[2015-03-31 17:27:52] production.ERROR: exception 'Symfony\Component\Debug\Exception\FatalErrorException' with message 'Class 'Model\Barang' not found' in D:\xampp2\htdocs\levi-master\levifiles\app\Http\Controllers\BarangController.php:9
Stack trace:
#0 D:\xampp2\htdocs\levi-master\levifiles\storage\framework\compiled.php(1721): Illuminate\Foundation\Bootstrap\HandleExceptions->fatalExceptionFromError(Array)
#1 [internal function]: Illuminate\Foundation\Bootstrap\HandleExceptions->handleShutdown()
#2 {main}  
[2015-03-31 17:28:42] production.ERROR: exception 'Symfony\Component\Debug\Exception\FatalErrorException' with message 'Class 'Model\Barang' not found' in D:\xampp2\htdocs\levi-master\levifiles\app\Http\Controllers\BarangController.php:9
Stack trace:
#0 D:\xampp2\htdocs\levi-master\levifiles\storage\framework\compiled.php(1721): Illuminate\Foundation\Bootstrap\HandleExceptions->fatalExceptionFromError(Array)
#1 [internal function]: Illuminate\Foundation\Bootstrap\HandleExceptions->handleShutdown()
#2 {main}  
[2015-03-31 17:28:44] production.ERROR: exception 'Symfony\Component\Debug\Exception\FatalErrorException' with message 'Class 'Model\Barang' not found' in D:\xampp2\htdocs\levi-master\levifiles\app\Http\Controllers\BarangController.php:9
Stack trace:
#0 D:\xampp2\htdocs\levi-master\levifiles\storage\framework\compiled.php(1721): Illuminate\Foundation\Bootstrap\HandleExceptions->fatalExceptionFromError(Array)
#1 [internal function]: Illuminate\Foundation\Bootstrap\HandleExceptions->handleShutdown()
#2 {main}  
[2015-03-31 17:28:45] production.ERROR: exception 'Symfony\Component\Debug\Exception\FatalErrorException' with message 'Class 'Model\Barang' not found' in D:\xampp2\htdocs\levi-master\levifiles\app\Http\Controllers\BarangController.php:9
Stack trace:
#0 D:\xampp2\htdocs\levi-master\levifiles\storage\framework\compiled.php(1721): Illuminate\Foundation\Bootstrap\HandleExceptions->fatalExceptionFromError(Array)
#1 [internal function]: Illuminate\Foundation\Bootstrap\HandleExceptions->handleShutdown()
#2 {main}  
[2015-03-31 17:28:59] production.ERROR: exception 'Symfony\Component\Debug\Exception\FatalErrorException' with message 'Class 'Model' not found' in D:\xampp2\htdocs\levi-master\levifiles\app\Model\Barang.php:3
Stack trace:
#0 D:\xampp2\htdocs\levi-master\levifiles\storage\framework\compiled.php(1721): Illuminate\Foundation\Bootstrap\HandleExceptions->fatalExceptionFromError(Array)
#1 [internal function]: Illuminate\Foundation\Bootstrap\HandleExceptions->handleShutdown()
#2 {main}  
[2015-03-31 17:29:59] production.ERROR: exception 'Symfony\Component\Debug\Exception\FatalErrorException' with message 'Class 'App\Model' not found' in D:\xampp2\htdocs\levi-master\levifiles\app\Model\Barang.php:4
Stack trace:
#0 D:\xampp2\htdocs\levi-master\levifiles\storage\framework\compiled.php(1721): Illuminate\Foundation\Bootstrap\HandleExceptions->fatalExceptionFromError(Array)
#1 [internal function]: Illuminate\Foundation\Bootstrap\HandleExceptions->handleShutdown()
#2 {main}  
[2015-03-31 17:30:19] production.ERROR: exception 'Symfony\Component\Debug\Exception\FatalErrorException' with message 'Class 'App\Model' not found' in D:\xampp2\htdocs\levi-master\levifiles\app\Model\Barang.php:4
Stack trace:
#0 D:\xampp2\htdocs\levi-master\levifiles\storage\framework\compiled.php(1721): Illuminate\Foundation\Bootstrap\HandleExceptions->fatalExceptionFromError(Array)
#1 [internal function]: Illuminate\Foundation\Bootstrap\HandleExceptions->handleShutdown()
#2 {main}  
[2015-03-31 17:30:37] production.ERROR: exception 'Symfony\Component\Debug\Exception\FatalErrorException' with message 'Class 'App\Model\Barang' not found' in D:\xampp2\htdocs\levi-master\levifiles\app\Http\Controllers\BarangController.php:9
Stack trace:
#0 D:\xampp2\htdocs\levi-master\levifiles\storage\framework\compiled.php(1721): Illuminate\Foundation\Bootstrap\HandleExceptions->fatalExceptionFromError(Array)
#1 [internal function]: Illuminate\Foundation\Bootstrap\HandleExceptions->handleShutdown()
#2 {main}  
[2015-03-31 17:31:09] production.ERROR: exception 'Symfony\Component\Debug\Exception\FatalErrorException' with message 'Class 'App\Http\Controllers\Barang' not found' in D:\xampp2\htdocs\levi-master\levifiles\app\Http\Controllers\BarangController.php:8
Stack trace:
#0 D:\xampp2\htdocs\levi-master\levifiles\storage\framework\compiled.php(1721): Illuminate\Foundation\Bootstrap\HandleExceptions->fatalExceptionFromError(Array)
#1 [internal function]: Illuminate\Foundation\Bootstrap\HandleExceptions->handleShutdown()
#2 {main}  
[2015-03-31 17:31:19] production.ERROR: exception 'Symfony\Component\Debug\Exception\FatalErrorException' with message 'Class 'App\Http\Controllers\Barang' not found' in D:\xampp2\htdocs\levi-master\levifiles\app\Http\Controllers\BarangController.php:8
Stack trace:
#0 D:\xampp2\htdocs\levi-master\levifiles\storage\framework\compiled.php(1721): Illuminate\Foundation\Bootstrap\HandleExceptions->fatalExceptionFromError(Array)
#1 [internal function]: Illuminate\Foundation\Bootstrap\HandleExceptions->handleShutdown()
#2 {main}  
[2015-03-31 17:35:46] production.ERROR: exception 'Symfony\Component\Debug\Exception\FatalErrorException' with message 'Class 'App\Model\Barang' not found' in D:\xampp2\htdocs\levi-master\levifiles\app\Http\Controllers\BarangController.php:9
Stack trace:
#0 D:\xampp2\htdocs\levi-master\levifiles\storage\framework\compiled.php(1721): Illuminate\Foundation\Bootstrap\HandleExceptions->fatalExceptionFromError(Array)
#1 [internal function]: Illuminate\Foundation\Bootstrap\HandleExceptions->handleShutdown()
#2 {main}  
[2015-03-31 17:44:12] production.ERROR: exception 'Symfony\Component\Debug\Exception\FatalErrorException' with message 'Class 'App\Model\Controller' not found' in D:\xampp2\htdocs\levi-master\levifiles\app\Http\Controllers\BarangController.php:5
Stack trace:
#0 D:\xampp2\htdocs\levi-master\levifiles\storage\framework\compiled.php(1721): Illuminate\Foundation\Bootstrap\HandleExceptions->fatalExceptionFromError(Array)
#1 [internal function]: Illuminate\Foundation\Bootstrap\HandleExceptions->handleShutdown()
#2 {main}  
[2015-03-31 17:44:33] production.ERROR: exception 'Symfony\Component\Debug\Exception\FatalErrorException' with message 'Class 'App\Http\Controllers\Barang' not found' in D:\xampp2\htdocs\levi-master\levifiles\app\Http\Controllers\BarangController.php:8
Stack trace:
#0 D:\xampp2\htdocs\levi-master\levifiles\storage\framework\compiled.php(1721): Illuminate\Foundation\Bootstrap\HandleExceptions->fatalExceptionFromError(Array)
#1 [internal function]: Illuminate\Foundation\Bootstrap\HandleExceptions->handleShutdown()
#2 {main}  
[2015-03-31 17:44:59] production.ERROR: exception 'Symfony\Component\Debug\Exception\FatalErrorException' with message 'Class 'App\Http\Controllers\App\Model\Barang' not found' in D:\xampp2\htdocs\levi-master\levifiles\app\Http\Controllers\BarangController.php:9
Stack trace:
#0 D:\xampp2\htdocs\levi-master\levifiles\storage\framework\compiled.php(1721): Illuminate\Foundation\Bootstrap\HandleExceptions->fatalExceptionFromError(Array)
#1 [internal function]: Illuminate\Foundation\Bootstrap\HandleExceptions->handleShutdown()
#2 {main}  
[2015-03-31 17:45:05] production.ERROR: exception 'Symfony\Component\Debug\Exception\FatalErrorException' with message 'Class 'App\Model\Barang' not found' in D:\xampp2\htdocs\levi-master\levifiles\app\Http\Controllers\BarangController.php:9
Stack trace:
#0 D:\xampp2\htdocs\levi-master\levifiles\storage\framework\compiled.php(1721): Illuminate\Foundation\Bootstrap\HandleExceptions->fatalExceptionFromError(Array)
#1 [internal function]: Illuminate\Foundation\Bootstrap\HandleExceptions->handleShutdown()
#2 {main}  
[2015-03-31 17:45:31] production.ERROR: exception 'Symfony\Component\Debug\Exception\FatalErrorException' with message 'Class 'Model' not found' in D:\xampp2\htdocs\levi-master\levifiles\app\Model\Barang.php:2
Stack trace:
#0 D:\xampp2\htdocs\levi-master\levifiles\storage\framework\compiled.php(1721): Illuminate\Foundation\Bootstrap\HandleExceptions->fatalExceptionFromError(Array)
#1 [internal function]: Illuminate\Foundation\Bootstrap\HandleExceptions->handleShutdown()
#2 {main}  
[2015-03-31 17:45:39] production.ERROR: exception 'Symfony\Component\Debug\Exception\FatalErrorException' with message 'Class 'App\Model\Barang' not found' in D:\xampp2\htdocs\levi-master\levifiles\app\Http\Controllers\BarangController.php:9
Stack trace:
#0 D:\xampp2\htdocs\levi-master\levifiles\storage\framework\compiled.php(1721): Illuminate\Foundation\Bootstrap\HandleExceptions->fatalExceptionFromError(Array)
#1 [internal function]: Illuminate\Foundation\Bootstrap\HandleExceptions->handleShutdown()
#2 {main}  
[2015-03-31 17:46:19] production.ERROR: exception 'Symfony\Component\Debug\Exception\FatalErrorException' with message 'Class 'App\Model' not found' in D:\xampp2\htdocs\levi-master\levifiles\app\Model\Barang.php:4
Stack trace:
#0 D:\xampp2\htdocs\levi-master\levifiles\storage\framework\compiled.php(1721): Illuminate\Foundation\Bootstrap\HandleExceptions->fatalExceptionFromError(Array)
#1 [internal function]: Illuminate\Foundation\Bootstrap\HandleExceptions->handleShutdown()
#2 {main}  
[2015-03-31 17:46:59] production.ERROR: exception 'Symfony\Component\Debug\Exception\FatalErrorException' with message 'Class 'Model\Barang' not found' in D:\xampp2\htdocs\levi-master\levifiles\app\Http\Controllers\BarangController.php:9
Stack trace:
#0 D:\xampp2\htdocs\levi-master\levifiles\storage\framework\compiled.php(1721): Illuminate\Foundation\Bootstrap\HandleExceptions->fatalExceptionFromError(Array)
#1 [internal function]: Illuminate\Foundation\Bootstrap\HandleExceptions->handleShutdown()
#2 {main}  
[2015-03-31 17:47:06] production.ERROR: exception 'Symfony\Component\Debug\Exception\FatalErrorException' with message 'Class 'App\Http\Controllers\Barang' not found' in D:\xampp2\htdocs\levi-master\levifiles\app\Http\Controllers\BarangController.php:9
Stack trace:
#0 D:\xampp2\htdocs\levi-master\levifiles\storage\framework\compiled.php(1721): Illuminate\Foundation\Bootstrap\HandleExceptions->fatalExceptionFromError(Array)
#1 [internal function]: Illuminate\Foundation\Bootstrap\HandleExceptions->handleShutdown()
#2 {main}  
[2015-03-31 17:47:19] production.ERROR: exception 'Symfony\Component\Debug\Exception\FatalErrorException' with message 'Class 'Model' not found' in D:\xampp2\htdocs\levi-master\levifiles\app\Http\Controllers\Barang.php:3
Stack trace:
#0 D:\xampp2\htdocs\levi-master\levifiles\storage\framework\compiled.php(1721): Illuminate\Foundation\Bootstrap\HandleExceptions->fatalExceptionFromError(Array)
#1 [internal function]: Illuminate\Foundation\Bootstrap\HandleExceptions->handleShutdown()
#2 {main}  
[2015-03-31 17:52:47] production.ERROR: exception 'Symfony\Component\Debug\Exception\FatalErrorException' with message 'Class 'App\Http\Controllers\Barang' not found' in D:\xampp2\htdocs\levi-master\levifiles\app\Http\Controllers\BarangController.php:9
Stack trace:
#0 D:\xampp2\htdocs\levi-master\levifiles\storage\framework\compiled.php(1721): Illuminate\Foundation\Bootstrap\HandleExceptions->fatalExceptionFromError(Array)
#1 [internal function]: Illuminate\Foundation\Bootstrap\HandleExceptions->handleShutdown()
#2 {main}  
[2015-03-31 17:54:12] production.ERROR: exception 'Symfony\Component\Debug\Exception\FatalErrorException' with message 'Class 'App\Http\Controllers\barang' not found' in D:\xampp2\htdocs\levi-master\levifiles\app\Http\Controllers\BarangController.php:9
Stack trace:
#0 D:\xampp2\htdocs\levi-master\levifiles\storage\framework\compiled.php(1721): Illuminate\Foundation\Bootstrap\HandleExceptions->fatalExceptionFromError(Array)
#1 [internal function]: Illuminate\Foundation\Bootstrap\HandleExceptions->handleShutdown()
#2 {main}  
[2015-03-31 17:54:18] production.ERROR: exception 'Symfony\Component\Debug\Exception\FatalErrorException' with message 'Class 'App\Http\Controllers\Barang' not found' in D:\xampp2\htdocs\levi-master\levifiles\app\Http\Controllers\BarangController.php:9
Stack trace:
#0 D:\xampp2\htdocs\levi-master\levifiles\storage\framework\compiled.php(1721): Illuminate\Foundation\Bootstrap\HandleExceptions->fatalExceptionFromError(Array)
#1 [internal function]: Illuminate\Foundation\Bootstrap\HandleExceptions->handleShutdown()
#2 {main}  
[2015-03-31 17:56:47] production.ERROR: exception 'Symfony\Component\Debug\Exception\FatalErrorException' with message 'Class 'App\Model\Barang' not found' in D:\xampp2\htdocs\levi-master\levifiles\app\Http\Controllers\BarangController.php:9
Stack trace:
#0 D:\xampp2\htdocs\levi-master\levifiles\storage\framework\compiled.php(1721): Illuminate\Foundation\Bootstrap\HandleExceptions->fatalExceptionFromError(Array)
#1 [internal function]: Illuminate\Foundation\Bootstrap\HandleExceptions->handleShutdown()
#2 {main}  
[2015-03-31 17:56:53] production.ERROR: exception 'Symfony\Component\Debug\Exception\FatalErrorException' with message 'syntax error, unexpected ';', expecting identifier (T_STRING)' in D:\xampp2\htdocs\levi-master\levifiles\app\Model\Barang.php:1
Stack trace:
#0 D:\xampp2\htdocs\levi-master\levifiles\storage\framework\compiled.php(1721): Illuminate\Foundation\Bootstrap\HandleExceptions->fatalExceptionFromError(Array)
#1 [internal function]: Illuminate\Foundation\Bootstrap\HandleExceptions->handleShutdown()
#2 {main}  
[2015-03-31 17:57:24] production.ERROR: exception 'Symfony\Component\Debug\Exception\FatalErrorException' with message 'Class 'App\Model\Barang' not found' in D:\xampp2\htdocs\levi-master\levifiles\app\Http\Controllers\BarangController.php:9
Stack trace:
#0 D:\xampp2\htdocs\levi-master\levifiles\storage\framework\compiled.php(1721): Illuminate\Foundation\Bootstrap\HandleExceptions->fatalExceptionFromError(Array)
#1 [internal function]: Illuminate\Foundation\Bootstrap\HandleExceptions->handleShutdown()
#2 {main}  
[2015-03-31 17:57:29] production.ERROR: exception 'Symfony\Component\Debug\Exception\FatalErrorException' with message 'Class 'App\Model\Barang' not found' in D:\xampp2\htdocs\levi-master\levifiles\app\Http\Controllers\BarangController.php:9
Stack trace:
#0 D:\xampp2\htdocs\levi-master\levifiles\storage\framework\compiled.php(1721): Illuminate\Foundation\Bootstrap\HandleExceptions->fatalExceptionFromError(Array)
#1 [internal function]: Illuminate\Foundation\Bootstrap\HandleExceptions->handleShutdown()
#2 {main}  
