[2015-04-22 15:42:22] production.ERROR: exception 'Symfony\Component\Debug\Exception\FatalErrorException' with message 'Class 'App\Http\Controllers\View' not found' in D:\xampp2\htdocs\levi-master\levifiles\app\Http\Controllers\MainController.php:10
Stack trace:
#0 D:\xampp2\htdocs\levi-master\levifiles\storage\framework\compiled.php(1721): Illuminate\Foundation\Bootstrap\HandleExceptions->fatalExceptionFromError(Array)
#1 [internal function]: Illuminate\Foundation\Bootstrap\HandleExceptions->handleShutdown()
#2 {main}  
[2015-04-22 15:47:41] production.ERROR: exception 'ErrorException' with message 'Attempt to assign property of non-object' in D:\xampp2\htdocs\levi-master\levifiles\app\Http\Controllers\MainController.php:10
Stack trace:
#0 D:\xampp2\htdocs\levi-master\levifiles\app\Http\Controllers\MainController.php(10): Illuminate\Foundation\Bootstrap\HandleExceptions->handleError(2, 'Attempt to assi...', 'D:\\xampp2\\htdoc...', 10, Array)
#1 [internal function]: App\Http\Controllers\MainController->index()
#2 D:\xampp2\htdocs\levi-master\levifiles\storage\framework\compiled.php(8204): call_user_func_array(Array, Array)
#3 D:\xampp2\htdocs\levi-master\levifiles\storage\framework\compiled.php(8271): Illuminate\Routing\Controller->callAction('index', Array)
#4 D:\xampp2\htdocs\levi-master\levifiles\storage\framework\compiled.php(8250): Illuminate\Routing\ControllerDispatcher->call(Object(App\Http\Controllers\MainController), Object(Illuminate\Routing\Route), 'index')
#5 [internal function]: Illuminate\Routing\ControllerDispatcher->Illuminate\Routing\{closure}(Object(Illuminate\Http\Request))
#6 D:\xampp2\htdocs\levi-master\levifiles\storage\framework\compiled.php(8866): call_user_func(Object(Closure), Object(Illuminate\Http\Request))
#7 [internal function]: Illuminate\Pipeline\Pipeline->Illuminate\Pipeline\{closure}(Object(Illuminate\Http\Request))
#8 D:\xampp2\htdocs\levi-master\levifiles\storage\framework\compiled.php(8849): call_user_func(Object(Closure), Object(Illuminate\Http\Request))
#9 D:\xampp2\htdocs\levi-master\levifiles\storage\framework\compiled.php(8251): Illuminate\Pipeline\Pipeline->then(Object(Closure))
#10 D:\xampp2\htdocs\levi-master\levifiles\storage\framework\compiled.php(8237): Illuminate\Routing\ControllerDispatcher->callWithinStack(Object(App\Http\Controllers\MainController), Object(Illuminate\Routing\Route), Object(Illuminate\Http\Request), 'index')
#11 D:\xampp2\htdocs\levi-master\levifiles\storage\framework\compiled.php(7234): Illuminate\Routing\ControllerDispatcher->dispatch(Object(Illuminate\Routing\Route), Object(Illuminate\Http\Request), 'App\\Http\\Contro...', 'index')
#12 D:\xampp2\htdocs\levi-master\levifiles\storage\framework\compiled.php(7205): Illuminate\Routing\Route->runWithCustomDispatcher(Object(Illuminate\Http\Request))
#13 D:\xampp2\htdocs\levi-master\levifiles\storage\framework\compiled.php(6871): Illuminate\Routing\Route->run(Object(Illuminate\Http\Request))
#14 [internal function]: Illuminate\Routing\Router->Illuminate\Routing\{closure}(Object(Illuminate\Http\Request))
#15 D:\xampp2\htdocs\levi-master\levifiles\storage\framework\compiled.php(8866): call_user_func(Object(Closure), Object(Illuminate\Http\Request))
#16 [internal function]: Illuminate\Pipeline\Pipeline->Illuminate\Pipeline\{closure}(Object(Illuminate\Http\Request))
#17 D:\xampp2\htdocs\levi-master\levifiles\storage\framework\compiled.php(8849): call_user_func(Object(Closure), Object(Illuminate\Http\Request))
#18 D:\xampp2\htdocs\levi-master\levifiles\storage\framework\compiled.php(6872): Illuminate\Pipeline\Pipeline->then(Object(Closure))
#19 D:\xampp2\htdocs\levi-master\levifiles\storage\framework\compiled.php(6861): Illuminate\Routing\Router->runRouteWithinStack(Object(Illuminate\Routing\Route), Object(Illuminate\Http\Request))
#20 D:\xampp2\htdocs\levi-master\levifiles\storage\framework\compiled.php(6846): Illuminate\Routing\Router->dispatchToRoute(Object(Illuminate\Http\Request))
#21 D:\xampp2\htdocs\levi-master\levifiles\storage\framework\compiled.php(1884): Illuminate\Routing\Router->dispatch(Object(Illuminate\Http\Request))
#22 [internal function]: Illuminate\Foundation\Http\Kernel->Illuminate\Foundation\Http\{closure}(Object(Illuminate\Http\Request))
#23 D:\xampp2\htdocs\levi-master\levifiles\storage\framework\compiled.php(8866): call_user_func(Object(Closure), Object(Illuminate\Http\Request))
#24 D:\xampp2\htdocs\levi-master\levifiles\storage\framework\compiled.php(2373): Illuminate\Pipeline\Pipeline->Illuminate\Pipeline\{closure}(Object(Illuminate\Http\Request))
#25 D:\xampp2\htdocs\levi-master\levifiles\app\Http\Middleware\VerifyCsrfToken.php(17): Illuminate\Foundation\Http\Middleware\VerifyCsrfToken->handle(Object(Illuminate\Http\Request), Object(Closure))
#26 D:\xampp2\htdocs\levi-master\levifiles\storage\framework\compiled.php(8858): App\Http\Middleware\VerifyCsrfToken->handle(Object(Illuminate\Http\Request), Object(Closure))
#27 D:\xampp2\htdocs\levi-master\levifiles\storage\framework\compiled.php(11990): Illuminate\Pipeline\Pipeline->Illuminate\Pipeline\{closure}(Object(Illuminate\Http\Request))
#28 D:\xampp2\htdocs\levi-master\levifiles\storage\framework\compiled.php(8858): Illuminate\View\Middleware\ShareErrorsFromSession->handle(Object(Illuminate\Http\Request), Object(Closure))
#29 D:\xampp2\htdocs\levi-master\levifiles\storage\framework\compiled.php(10696): Illuminate\Pipeline\Pipeline->Illuminate\Pipeline\{closure}(Object(Illuminate\Http\Request))
#30 D:\xampp2\htdocs\levi-master\levifiles\storage\framework\compiled.php(8858): Illuminate\Session\Middleware\StartSession->handle(Object(Illuminate\Http\Request), Object(Closure))
#31 D:\xampp2\htdocs\levi-master\levifiles\storage\framework\compiled.php(11696): Illuminate\Pipeline\Pipeline->Illuminate\Pipeline\{closure}(Object(Illuminate\Http\Request))
#32 D:\xampp2\htdocs\levi-master\levifiles\storage\framework\compiled.php(8858): Illuminate\Cookie\Middleware\AddQueuedCookiesToResponse->handle(Object(Illuminate\Http\Request), Object(Closure))
#33 D:\xampp2\htdocs\levi-master\levifiles\storage\framework\compiled.php(11645): Illuminate\Pipeline\Pipeline->Illuminate\Pipeline\{closure}(Object(Illuminate\Http\Request))
#34 D:\xampp2\htdocs\levi-master\levifiles\storage\framework\compiled.php(8858): Illuminate\Cookie\Middleware\EncryptCookies->handle(Object(Illuminate\Http\Request), Object(Closure))
#35 D:\xampp2\htdocs\levi-master\levifiles\storage\framework\compiled.php(2411): Illuminate\Pipeline\Pipeline->Illuminate\Pipeline\{closure}(Object(Illuminate\Http\Request))
#36 D:\xampp2\htdocs\levi-master\levifiles\storage\framework\compiled.php(8858): Illuminate\Foundation\Http\Middleware\CheckForMaintenanceMode->handle(Object(Illuminate\Http\Request), Object(Closure))
#37 [internal function]: Illuminate\Pipeline\Pipeline->Illuminate\Pipeline\{closure}(Object(Illuminate\Http\Request))
#38 D:\xampp2\htdocs\levi-master\levifiles\storage\framework\compiled.php(8849): call_user_func(Object(Closure), Object(Illuminate\Http\Request))
#39 D:\xampp2\htdocs\levi-master\levifiles\storage\framework\compiled.php(1862): Illuminate\Pipeline\Pipeline->then(Object(Closure))
#40 D:\xampp2\htdocs\levi-master\levifiles\storage\framework\compiled.php(1852): Illuminate\Foundation\Http\Kernel->sendRequestThroughRouter(Object(Illuminate\Http\Request))
#41 D:\xampp2\htdocs\levi-master\index.php(53): Illuminate\Foundation\Http\Kernel->handle(Object(Illuminate\Http\Request))
#42 {main}  
[2015-04-22 16:12:45] production.ERROR: exception 'Symfony\Component\Debug\Exception\FatalErrorException' with message 'Call to undefined function App\Http\Controllers\setPageContent()' in D:\xampp2\htdocs\levi-master\levifiles\app\Http\Controllers\MainController.php:12
Stack trace:
#0 D:\xampp2\htdocs\levi-master\levifiles\storage\framework\compiled.php(1721): Illuminate\Foundation\Bootstrap\HandleExceptions->fatalExceptionFromError(Array)
#1 [internal function]: Illuminate\Foundation\Bootstrap\HandleExceptions->handleShutdown()
#2 {main}  
