[2015-07-09 14:07:32] local.ERROR: exception 'Symfony\Component\Debug\Exception\FatalErrorException' with message 'Class 'Uuid' not found' in D:\xampp2\htdocs\levi-lts\levifiles\app\Http\routes.php:20
Stack trace:
#0 {main}  
[2015-07-09 14:07:51] local.ERROR: exception 'Symfony\Component\Debug\Exception\FatalErrorException' with message 'Call to undefined method DOMPDF::loadHTML()' in D:\xampp2\htdocs\levi-lts\levifiles\app\Http\routes.php:23
Stack trace:
#0 {main}  
[2015-07-09 14:10:11] local.ERROR: exception 'ErrorException' with message 'Class 'Barryvdh\DomPDF\Facade\PDF' not found' in D:\xampp2\htdocs\levi-lts\levifiles\vendor\laravel\framework\src\Illuminate\Foundation\AliasLoader.php:66
Stack trace:
#0 [internal function]: Illuminate\Foundation\Bootstrap\HandleExceptions->handleError(2, 'Class 'Barryvdh...', 'D:\\xampp2\\htdoc...', 66, Array)
#1 D:\xampp2\htdocs\levi-lts\levifiles\vendor\laravel\framework\src\Illuminate\Foundation\AliasLoader.php(66): class_alias('Barryvdh\\DomPDF...', 'PDF')
#2 [internal function]: Illuminate\Foundation\AliasLoader->load('PDF')
#3 D:\xampp2\htdocs\levi-lts\levifiles\app\Http\routes.php(22): spl_autoload_call('PDF')
#4 [internal function]: App\Providers\RouteServiceProvider->{closure}()
#5 D:\xampp2\htdocs\levi-lts\levifiles\vendor\laravel\framework\src\Illuminate\Routing\Route.php(155): call_user_func_array(Object(Closure), Array)
#6 D:\xampp2\htdocs\levi-lts\levifiles\vendor\laravel\framework\src\Illuminate\Routing\Route.php(130): Illuminate\Routing\Route->runCallable(Object(Illuminate\Http\Request))
#7 D:\xampp2\htdocs\levi-lts\levifiles\vendor\laravel\framework\src\Illuminate\Routing\Router.php(704): Illuminate\Routing\Route->run(Object(Illuminate\Http\Request))
#8 [internal function]: Illuminate\Routing\Router->Illuminate\Routing\{closure}(Object(Illuminate\Http\Request))
#9 D:\xampp2\htdocs\levi-lts\levifiles\vendor\laravel\framework\src\Illuminate\Pipeline\Pipeline.php(139): call_user_func(Object(Closure), Object(Illuminate\Http\Request))
#10 [internal function]: Illuminate\Pipeline\Pipeline->Illuminate\Pipeline\{closure}(Object(Illuminate\Http\Request))
#11 D:\xampp2\htdocs\levi-lts\levifiles\vendor\laravel\framework\src\Illuminate\Pipeline\Pipeline.php(103): call_user_func(Object(Closure), Object(Illuminate\Http\Request))
#12 D:\xampp2\htdocs\levi-lts\levifiles\vendor\laravel\framework\src\Illuminate\Routing\Router.php(706): Illuminate\Pipeline\Pipeline->then(Object(Closure))
#13 D:\xampp2\htdocs\levi-lts\levifiles\vendor\laravel\framework\src\Illuminate\Routing\Router.php(671): Illuminate\Routing\Router->runRouteWithinStack(Object(Illuminate\Routing\Route), Object(Illuminate\Http\Request))
#14 D:\xampp2\htdocs\levi-lts\levifiles\vendor\laravel\framework\src\Illuminate\Routing\Router.php(631): Illuminate\Routing\Router->dispatchToRoute(Object(Illuminate\Http\Request))
#15 D:\xampp2\htdocs\levi-lts\levifiles\vendor\laravel\framework\src\Illuminate\Foundation\Http\Kernel.php(229): Illuminate\Routing\Router->dispatch(Object(Illuminate\Http\Request))
#16 [internal function]: Illuminate\Foundation\Http\Kernel->Illuminate\Foundation\Http\{closure}(Object(Illuminate\Http\Request))
#17 D:\xampp2\htdocs\levi-lts\levifiles\vendor\laravel\framework\src\Illuminate\Pipeline\Pipeline.php(139): call_user_func(Object(Closure), Object(Illuminate\Http\Request))
#18 D:\xampp2\htdocs\levi-lts\levifiles\vendor\laravel\framework\src\Illuminate\Foundation\Http\Middleware\VerifyCsrfToken.php(50): Illuminate\Pipeline\Pipeline->Illuminate\Pipeline\{closure}(Object(Illuminate\Http\Request))
#19 [internal function]: Illuminate\Foundation\Http\Middleware\VerifyCsrfToken->handle(Object(Illuminate\Http\Request), Object(Closure))
#20 D:\xampp2\htdocs\levi-lts\levifiles\vendor\laravel\framework\src\Illuminate\Pipeline\Pipeline.php(124): call_user_func_array(Array, Array)
#21 D:\xampp2\htdocs\levi-lts\levifiles\vendor\laravel\framework\src\Illuminate\View\Middleware\ShareErrorsFromSession.php(54): Illuminate\Pipeline\Pipeline->Illuminate\Pipeline\{closure}(Object(Illuminate\Http\Request))
#22 [internal function]: Illuminate\View\Middleware\ShareErrorsFromSession->handle(Object(Illuminate\Http\Request), Object(Closure))
#23 D:\xampp2\htdocs\levi-lts\levifiles\vendor\laravel\framework\src\Illuminate\Pipeline\Pipeline.php(124): call_user_func_array(Array, Array)
#24 D:\xampp2\htdocs\levi-lts\levifiles\vendor\laravel\framework\src\Illuminate\Session\Middleware\StartSession.php(62): Illuminate\Pipeline\Pipeline->Illuminate\Pipeline\{closure}(Object(Illuminate\Http\Request))
#25 [internal function]: Illuminate\Session\Middleware\StartSession->handle(Object(Illuminate\Http\Request), Object(Closure))
#26 D:\xampp2\htdocs\levi-lts\levifiles\vendor\laravel\framework\src\Illuminate\Pipeline\Pipeline.php(124): call_user_func_array(Array, Array)
#27 D:\xampp2\htdocs\levi-lts\levifiles\vendor\laravel\framework\src\Illuminate\Cookie\Middleware\AddQueuedCookiesToResponse.php(37): Illuminate\Pipeline\Pipeline->Illuminate\Pipeline\{closure}(Object(Illuminate\Http\Request))
#28 [internal function]: Illuminate\Cookie\Middleware\AddQueuedCookiesToResponse->handle(Object(Illuminate\Http\Request), Object(Closure))
#29 D:\xampp2\htdocs\levi-lts\levifiles\vendor\laravel\framework\src\Illuminate\Pipeline\Pipeline.php(124): call_user_func_array(Array, Array)
#30 D:\xampp2\htdocs\levi-lts\levifiles\vendor\laravel\framework\src\Illuminate\Cookie\Middleware\EncryptCookies.php(59): Illuminate\Pipeline\Pipeline->Illuminate\Pipeline\{closure}(Object(Illuminate\Http\Request))
#31 [internal function]: Illuminate\Cookie\Middleware\EncryptCookies->handle(Object(Illuminate\Http\Request), Object(Closure))
#32 D:\xampp2\htdocs\levi-lts\levifiles\vendor\laravel\framework\src\Illuminate\Pipeline\Pipeline.php(124): call_user_func_array(Array, Array)
#33 D:\xampp2\htdocs\levi-lts\levifiles\vendor\laravel\framework\src\Illuminate\Foundation\Http\Middleware\CheckForMaintenanceMode.php(42): Illuminate\Pipeline\Pipeline->Illuminate\Pipeline\{closure}(Object(Illuminate\Http\Request))
#34 [internal function]: Illuminate\Foundation\Http\Middleware\CheckForMaintenanceMode->handle(Object(Illuminate\Http\Request), Object(Closure))
#35 D:\xampp2\htdocs\levi-lts\levifiles\vendor\laravel\framework\src\Illuminate\Pipeline\Pipeline.php(124): call_user_func_array(Array, Array)
#36 [internal function]: Illuminate\Pipeline\Pipeline->Illuminate\Pipeline\{closure}(Object(Illuminate\Http\Request))
#37 D:\xampp2\htdocs\levi-lts\levifiles\vendor\laravel\framework\src\Illuminate\Pipeline\Pipeline.php(103): call_user_func(Object(Closure), Object(Illuminate\Http\Request))
#38 D:\xampp2\htdocs\levi-lts\levifiles\vendor\laravel\framework\src\Illuminate\Foundation\Http\Kernel.php(118): Illuminate\Pipeline\Pipeline->then(Object(Closure))
#39 D:\xampp2\htdocs\levi-lts\levifiles\vendor\laravel\framework\src\Illuminate\Foundation\Http\Kernel.php(86): Illuminate\Foundation\Http\Kernel->sendRequestThroughRouter(Object(Illuminate\Http\Request))
#40 D:\xampp2\htdocs\levi-lts\index.php(54): Illuminate\Foundation\Http\Kernel->handle(Object(Illuminate\Http\Request))
#41 {main}  
[2015-07-09 14:18:47] local.ERROR: exception 'ErrorException' with message 'Class 'Barryvdh\DomPDF\Facade\PDF' not found' in D:\xampp2\htdocs\levi-lts\local\vendor\laravel\framework\src\Illuminate\Foundation\AliasLoader.php:66
Stack trace:
#0 [internal function]: Illuminate\Foundation\Bootstrap\HandleExceptions->handleError(2, 'Class 'Barryvdh...', 'D:\\xampp2\\htdoc...', 66, Array)
#1 D:\xampp2\htdocs\levi-lts\local\vendor\laravel\framework\src\Illuminate\Foundation\AliasLoader.php(66): class_alias('Barryvdh\\DomPDF...', 'PDF')
#2 [internal function]: Illuminate\Foundation\AliasLoader->load('PDF')
#3 D:\xampp2\htdocs\levi-lts\local\app\Http\routes.php(22): spl_autoload_call('PDF')
#4 [internal function]: App\Providers\RouteServiceProvider->{closure}()
#5 D:\xampp2\htdocs\levi-lts\local\vendor\laravel\framework\src\Illuminate\Routing\Route.php(155): call_user_func_array(Object(Closure), Array)
#6 D:\xampp2\htdocs\levi-lts\local\vendor\laravel\framework\src\Illuminate\Routing\Route.php(130): Illuminate\Routing\Route->runCallable(Object(Illuminate\Http\Request))
#7 D:\xampp2\htdocs\levi-lts\local\vendor\laravel\framework\src\Illuminate\Routing\Router.php(704): Illuminate\Routing\Route->run(Object(Illuminate\Http\Request))
#8 [internal function]: Illuminate\Routing\Router->Illuminate\Routing\{closure}(Object(Illuminate\Http\Request))
#9 D:\xampp2\htdocs\levi-lts\local\vendor\laravel\framework\src\Illuminate\Pipeline\Pipeline.php(139): call_user_func(Object(Closure), Object(Illuminate\Http\Request))
#10 [internal function]: Illuminate\Pipeline\Pipeline->Illuminate\Pipeline\{closure}(Object(Illuminate\Http\Request))
#11 D:\xampp2\htdocs\levi-lts\local\vendor\laravel\framework\src\Illuminate\Pipeline\Pipeline.php(103): call_user_func(Object(Closure), Object(Illuminate\Http\Request))
#12 D:\xampp2\htdocs\levi-lts\local\vendor\laravel\framework\src\Illuminate\Routing\Router.php(706): Illuminate\Pipeline\Pipeline->then(Object(Closure))
#13 D:\xampp2\htdocs\levi-lts\local\vendor\laravel\framework\src\Illuminate\Routing\Router.php(671): Illuminate\Routing\Router->runRouteWithinStack(Object(Illuminate\Routing\Route), Object(Illuminate\Http\Request))
#14 D:\xampp2\htdocs\levi-lts\local\vendor\laravel\framework\src\Illuminate\Routing\Router.php(631): Illuminate\Routing\Router->dispatchToRoute(Object(Illuminate\Http\Request))
#15 D:\xampp2\htdocs\levi-lts\local\vendor\laravel\framework\src\Illuminate\Foundation\Http\Kernel.php(229): Illuminate\Routing\Router->dispatch(Object(Illuminate\Http\Request))
#16 [internal function]: Illuminate\Foundation\Http\Kernel->Illuminate\Foundation\Http\{closure}(Object(Illuminate\Http\Request))
#17 D:\xampp2\htdocs\levi-lts\local\vendor\laravel\framework\src\Illuminate\Pipeline\Pipeline.php(139): call_user_func(Object(Closure), Object(Illuminate\Http\Request))
#18 D:\xampp2\htdocs\levi-lts\local\vendor\laravel\framework\src\Illuminate\Foundation\Http\Middleware\VerifyCsrfToken.php(50): Illuminate\Pipeline\Pipeline->Illuminate\Pipeline\{closure}(Object(Illuminate\Http\Request))
#19 [internal function]: Illuminate\Foundation\Http\Middleware\VerifyCsrfToken->handle(Object(Illuminate\Http\Request), Object(Closure))
#20 D:\xampp2\htdocs\levi-lts\local\vendor\laravel\framework\src\Illuminate\Pipeline\Pipeline.php(124): call_user_func_array(Array, Array)
#21 D:\xampp2\htdocs\levi-lts\local\vendor\laravel\framework\src\Illuminate\View\Middleware\ShareErrorsFromSession.php(54): Illuminate\Pipeline\Pipeline->Illuminate\Pipeline\{closure}(Object(Illuminate\Http\Request))
#22 [internal function]: Illuminate\View\Middleware\ShareErrorsFromSession->handle(Object(Illuminate\Http\Request), Object(Closure))
#23 D:\xampp2\htdocs\levi-lts\local\vendor\laravel\framework\src\Illuminate\Pipeline\Pipeline.php(124): call_user_func_array(Array, Array)
#24 D:\xampp2\htdocs\levi-lts\local\vendor\laravel\framework\src\Illuminate\Session\Middleware\StartSession.php(62): Illuminate\Pipeline\Pipeline->Illuminate\Pipeline\{closure}(Object(Illuminate\Http\Request))
#25 [internal function]: Illuminate\Session\Middleware\StartSession->handle(Object(Illuminate\Http\Request), Object(Closure))
#26 D:\xampp2\htdocs\levi-lts\local\vendor\laravel\framework\src\Illuminate\Pipeline\Pipeline.php(124): call_user_func_array(Array, Array)
#27 D:\xampp2\htdocs\levi-lts\local\vendor\laravel\framework\src\Illuminate\Cookie\Middleware\AddQueuedCookiesToResponse.php(37): Illuminate\Pipeline\Pipeline->Illuminate\Pipeline\{closure}(Object(Illuminate\Http\Request))
#28 [internal function]: Illuminate\Cookie\Middleware\AddQueuedCookiesToResponse->handle(Object(Illuminate\Http\Request), Object(Closure))
#29 D:\xampp2\htdocs\levi-lts\local\vendor\laravel\framework\src\Illuminate\Pipeline\Pipeline.php(124): call_user_func_array(Array, Array)
#30 D:\xampp2\htdocs\levi-lts\local\vendor\laravel\framework\src\Illuminate\Cookie\Middleware\EncryptCookies.php(59): Illuminate\Pipeline\Pipeline->Illuminate\Pipeline\{closure}(Object(Illuminate\Http\Request))
#31 [internal function]: Illuminate\Cookie\Middleware\EncryptCookies->handle(Object(Illuminate\Http\Request), Object(Closure))
#32 D:\xampp2\htdocs\levi-lts\local\vendor\laravel\framework\src\Illuminate\Pipeline\Pipeline.php(124): call_user_func_array(Array, Array)
#33 D:\xampp2\htdocs\levi-lts\local\vendor\laravel\framework\src\Illuminate\Foundation\Http\Middleware\CheckForMaintenanceMode.php(42): Illuminate\Pipeline\Pipeline->Illuminate\Pipeline\{closure}(Object(Illuminate\Http\Request))
#34 [internal function]: Illuminate\Foundation\Http\Middleware\CheckForMaintenanceMode->handle(Object(Illuminate\Http\Request), Object(Closure))
#35 D:\xampp2\htdocs\levi-lts\local\vendor\laravel\framework\src\Illuminate\Pipeline\Pipeline.php(124): call_user_func_array(Array, Array)
#36 [internal function]: Illuminate\Pipeline\Pipeline->Illuminate\Pipeline\{closure}(Object(Illuminate\Http\Request))
#37 D:\xampp2\htdocs\levi-lts\local\vendor\laravel\framework\src\Illuminate\Pipeline\Pipeline.php(103): call_user_func(Object(Closure), Object(Illuminate\Http\Request))
#38 D:\xampp2\htdocs\levi-lts\local\vendor\laravel\framework\src\Illuminate\Foundation\Http\Kernel.php(118): Illuminate\Pipeline\Pipeline->then(Object(Closure))
#39 D:\xampp2\htdocs\levi-lts\local\vendor\laravel\framework\src\Illuminate\Foundation\Http\Kernel.php(86): Illuminate\Foundation\Http\Kernel->sendRequestThroughRouter(Object(Illuminate\Http\Request))
#40 D:\xampp2\htdocs\levi-lts\index.php(55): Illuminate\Foundation\Http\Kernel->handle(Object(Illuminate\Http\Request))
#41 {main}  
[2015-07-09 14:19:17] local.ERROR: exception 'Symfony\Component\Debug\Exception\FatalErrorException' with message 'Call to undefined method DOMPDF::loadHTML()' in D:\xampp2\htdocs\levi-lts\local\app\Http\routes.php:23
Stack trace:
#0 {main}  
[2015-07-09 14:20:49] local.ERROR: exception 'Symfony\Component\Debug\Exception\FatalErrorException' with message 'Call to undefined method DOMPDF::loadHTML()' in D:\xampp2\htdocs\levi-lts\local\app\Http\routes.php:23
Stack trace:
#0 {main}  
[2015-07-09 14:21:07] local.ERROR: exception 'ErrorException' with message 'Class 'Barryvdh\DomPDF\Facades\PDF' not found' in D:\xampp2\htdocs\levi-lts\local\vendor\laravel\framework\src\Illuminate\Foundation\AliasLoader.php:66
Stack trace:
#0 [internal function]: Illuminate\Foundation\Bootstrap\HandleExceptions->handleError(2, 'Class 'Barryvdh...', 'D:\\xampp2\\htdoc...', 66, Array)
#1 D:\xampp2\htdocs\levi-lts\local\vendor\laravel\framework\src\Illuminate\Foundation\AliasLoader.php(66): class_alias('Barryvdh\\DomPDF...', 'PDF')
#2 [internal function]: Illuminate\Foundation\AliasLoader->load('PDF')
#3 D:\xampp2\htdocs\levi-lts\local\app\Http\routes.php(22): spl_autoload_call('PDF')
#4 [internal function]: App\Providers\RouteServiceProvider->{closure}()
#5 D:\xampp2\htdocs\levi-lts\local\vendor\laravel\framework\src\Illuminate\Routing\Route.php(155): call_user_func_array(Object(Closure), Array)
#6 D:\xampp2\htdocs\levi-lts\local\vendor\laravel\framework\src\Illuminate\Routing\Route.php(130): Illuminate\Routing\Route->runCallable(Object(Illuminate\Http\Request))
#7 D:\xampp2\htdocs\levi-lts\local\vendor\laravel\framework\src\Illuminate\Routing\Router.php(704): Illuminate\Routing\Route->run(Object(Illuminate\Http\Request))
#8 [internal function]: Illuminate\Routing\Router->Illuminate\Routing\{closure}(Object(Illuminate\Http\Request))
#9 D:\xampp2\htdocs\levi-lts\local\vendor\laravel\framework\src\Illuminate\Pipeline\Pipeline.php(139): call_user_func(Object(Closure), Object(Illuminate\Http\Request))
#10 [internal function]: Illuminate\Pipeline\Pipeline->Illuminate\Pipeline\{closure}(Object(Illuminate\Http\Request))
#11 D:\xampp2\htdocs\levi-lts\local\vendor\laravel\framework\src\Illuminate\Pipeline\Pipeline.php(103): call_user_func(Object(Closure), Object(Illuminate\Http\Request))
#12 D:\xampp2\htdocs\levi-lts\local\vendor\laravel\framework\src\Illuminate\Routing\Router.php(706): Illuminate\Pipeline\Pipeline->then(Object(Closure))
#13 D:\xampp2\htdocs\levi-lts\local\vendor\laravel\framework\src\Illuminate\Routing\Router.php(671): Illuminate\Routing\Router->runRouteWithinStack(Object(Illuminate\Routing\Route), Object(Illuminate\Http\Request))
#14 D:\xampp2\htdocs\levi-lts\local\vendor\laravel\framework\src\Illuminate\Routing\Router.php(631): Illuminate\Routing\Router->dispatchToRoute(Object(Illuminate\Http\Request))
#15 D:\xampp2\htdocs\levi-lts\local\vendor\laravel\framework\src\Illuminate\Foundation\Http\Kernel.php(229): Illuminate\Routing\Router->dispatch(Object(Illuminate\Http\Request))
#16 [internal function]: Illuminate\Foundation\Http\Kernel->Illuminate\Foundation\Http\{closure}(Object(Illuminate\Http\Request))
#17 D:\xampp2\htdocs\levi-lts\local\vendor\laravel\framework\src\Illuminate\Pipeline\Pipeline.php(139): call_user_func(Object(Closure), Object(Illuminate\Http\Request))
#18 D:\xampp2\htdocs\levi-lts\local\vendor\laravel\framework\src\Illuminate\Foundation\Http\Middleware\VerifyCsrfToken.php(50): Illuminate\Pipeline\Pipeline->Illuminate\Pipeline\{closure}(Object(Illuminate\Http\Request))
#19 [internal function]: Illuminate\Foundation\Http\Middleware\VerifyCsrfToken->handle(Object(Illuminate\Http\Request), Object(Closure))
#20 D:\xampp2\htdocs\levi-lts\local\vendor\laravel\framework\src\Illuminate\Pipeline\Pipeline.php(124): call_user_func_array(Array, Array)
#21 D:\xampp2\htdocs\levi-lts\local\vendor\laravel\framework\src\Illuminate\View\Middleware\ShareErrorsFromSession.php(54): Illuminate\Pipeline\Pipeline->Illuminate\Pipeline\{closure}(Object(Illuminate\Http\Request))
#22 [internal function]: Illuminate\View\Middleware\ShareErrorsFromSession->handle(Object(Illuminate\Http\Request), Object(Closure))
#23 D:\xampp2\htdocs\levi-lts\local\vendor\laravel\framework\src\Illuminate\Pipeline\Pipeline.php(124): call_user_func_array(Array, Array)
#24 D:\xampp2\htdocs\levi-lts\local\vendor\laravel\framework\src\Illuminate\Session\Middleware\StartSession.php(62): Illuminate\Pipeline\Pipeline->Illuminate\Pipeline\{closure}(Object(Illuminate\Http\Request))
#25 [internal function]: Illuminate\Session\Middleware\StartSession->handle(Object(Illuminate\Http\Request), Object(Closure))
#26 D:\xampp2\htdocs\levi-lts\local\vendor\laravel\framework\src\Illuminate\Pipeline\Pipeline.php(124): call_user_func_array(Array, Array)
#27 D:\xampp2\htdocs\levi-lts\local\vendor\laravel\framework\src\Illuminate\Cookie\Middleware\AddQueuedCookiesToResponse.php(37): Illuminate\Pipeline\Pipeline->Illuminate\Pipeline\{closure}(Object(Illuminate\Http\Request))
#28 [internal function]: Illuminate\Cookie\Middleware\AddQueuedCookiesToResponse->handle(Object(Illuminate\Http\Request), Object(Closure))
#29 D:\xampp2\htdocs\levi-lts\local\vendor\laravel\framework\src\Illuminate\Pipeline\Pipeline.php(124): call_user_func_array(Array, Array)
#30 D:\xampp2\htdocs\levi-lts\local\vendor\laravel\framework\src\Illuminate\Cookie\Middleware\EncryptCookies.php(59): Illuminate\Pipeline\Pipeline->Illuminate\Pipeline\{closure}(Object(Illuminate\Http\Request))
#31 [internal function]: Illuminate\Cookie\Middleware\EncryptCookies->handle(Object(Illuminate\Http\Request), Object(Closure))
#32 D:\xampp2\htdocs\levi-lts\local\vendor\laravel\framework\src\Illuminate\Pipeline\Pipeline.php(124): call_user_func_array(Array, Array)
#33 D:\xampp2\htdocs\levi-lts\local\vendor\laravel\framework\src\Illuminate\Foundation\Http\Middleware\CheckForMaintenanceMode.php(42): Illuminate\Pipeline\Pipeline->Illuminate\Pipeline\{closure}(Object(Illuminate\Http\Request))
#34 [internal function]: Illuminate\Foundation\Http\Middleware\CheckForMaintenanceMode->handle(Object(Illuminate\Http\Request), Object(Closure))
#35 D:\xampp2\htdocs\levi-lts\local\vendor\laravel\framework\src\Illuminate\Pipeline\Pipeline.php(124): call_user_func_array(Array, Array)
#36 [internal function]: Illuminate\Pipeline\Pipeline->Illuminate\Pipeline\{closure}(Object(Illuminate\Http\Request))
#37 D:\xampp2\htdocs\levi-lts\local\vendor\laravel\framework\src\Illuminate\Pipeline\Pipeline.php(103): call_user_func(Object(Closure), Object(Illuminate\Http\Request))
#38 D:\xampp2\htdocs\levi-lts\local\vendor\laravel\framework\src\Illuminate\Foundation\Http\Kernel.php(118): Illuminate\Pipeline\Pipeline->then(Object(Closure))
#39 D:\xampp2\htdocs\levi-lts\local\vendor\laravel\framework\src\Illuminate\Foundation\Http\Kernel.php(86): Illuminate\Foundation\Http\Kernel->sendRequestThroughRouter(Object(Illuminate\Http\Request))
#40 D:\xampp2\htdocs\levi-lts\index.php(55): Illuminate\Foundation\Http\Kernel->handle(Object(Illuminate\Http\Request))
#41 {main}  
[2015-07-09 14:26:18] local.ERROR: exception 'Symfony\Component\Debug\Exception\FatalErrorException' with message 'Class 'dompdf' not found' in D:\xampp2\htdocs\levi-lts\local\app\Http\routes.php:22
Stack trace:
#0 {main}  
[2015-07-09 14:26:29] local.ERROR: exception 'ErrorException' with message 'Class 'Barryvdh\DomPDF\Facade\PDF' not found' in D:\xampp2\htdocs\levi-lts\local\vendor\laravel\framework\src\Illuminate\Foundation\AliasLoader.php:66
Stack trace:
#0 [internal function]: Illuminate\Foundation\Bootstrap\HandleExceptions->handleError(2, 'Class 'Barryvdh...', 'D:\\xampp2\\htdoc...', 66, Array)
#1 D:\xampp2\htdocs\levi-lts\local\vendor\laravel\framework\src\Illuminate\Foundation\AliasLoader.php(66): class_alias('Barryvdh\\DomPDF...', 'PDF')
#2 [internal function]: Illuminate\Foundation\AliasLoader->load('PDF')
#3 D:\xampp2\htdocs\levi-lts\local\app\Http\routes.php(22): spl_autoload_call('PDF')
#4 [internal function]: App\Providers\RouteServiceProvider->{closure}()
#5 D:\xampp2\htdocs\levi-lts\local\vendor\laravel\framework\src\Illuminate\Routing\Route.php(155): call_user_func_array(Object(Closure), Array)
#6 D:\xampp2\htdocs\levi-lts\local\vendor\laravel\framework\src\Illuminate\Routing\Route.php(130): Illuminate\Routing\Route->runCallable(Object(Illuminate\Http\Request))
#7 D:\xampp2\htdocs\levi-lts\local\vendor\laravel\framework\src\Illuminate\Routing\Router.php(704): Illuminate\Routing\Route->run(Object(Illuminate\Http\Request))
#8 [internal function]: Illuminate\Routing\Router->Illuminate\Routing\{closure}(Object(Illuminate\Http\Request))
#9 D:\xampp2\htdocs\levi-lts\local\vendor\laravel\framework\src\Illuminate\Pipeline\Pipeline.php(139): call_user_func(Object(Closure), Object(Illuminate\Http\Request))
#10 [internal function]: Illuminate\Pipeline\Pipeline->Illuminate\Pipeline\{closure}(Object(Illuminate\Http\Request))
#11 D:\xampp2\htdocs\levi-lts\local\vendor\laravel\framework\src\Illuminate\Pipeline\Pipeline.php(103): call_user_func(Object(Closure), Object(Illuminate\Http\Request))
#12 D:\xampp2\htdocs\levi-lts\local\vendor\laravel\framework\src\Illuminate\Routing\Router.php(706): Illuminate\Pipeline\Pipeline->then(Object(Closure))
#13 D:\xampp2\htdocs\levi-lts\local\vendor\laravel\framework\src\Illuminate\Routing\Router.php(671): Illuminate\Routing\Router->runRouteWithinStack(Object(Illuminate\Routing\Route), Object(Illuminate\Http\Request))
#14 D:\xampp2\htdocs\levi-lts\local\vendor\laravel\framework\src\Illuminate\Routing\Router.php(631): Illuminate\Routing\Router->dispatchToRoute(Object(Illuminate\Http\Request))
#15 D:\xampp2\htdocs\levi-lts\local\vendor\laravel\framework\src\Illuminate\Foundation\Http\Kernel.php(229): Illuminate\Routing\Router->dispatch(Object(Illuminate\Http\Request))
#16 [internal function]: Illuminate\Foundation\Http\Kernel->Illuminate\Foundation\Http\{closure}(Object(Illuminate\Http\Request))
#17 D:\xampp2\htdocs\levi-lts\local\vendor\laravel\framework\src\Illuminate\Pipeline\Pipeline.php(139): call_user_func(Object(Closure), Object(Illuminate\Http\Request))
#18 D:\xampp2\htdocs\levi-lts\local\vendor\laravel\framework\src\Illuminate\Foundation\Http\Middleware\VerifyCsrfToken.php(50): Illuminate\Pipeline\Pipeline->Illuminate\Pipeline\{closure}(Object(Illuminate\Http\Request))
#19 [internal function]: Illuminate\Foundation\Http\Middleware\VerifyCsrfToken->handle(Object(Illuminate\Http\Request), Object(Closure))
#20 D:\xampp2\htdocs\levi-lts\local\vendor\laravel\framework\src\Illuminate\Pipeline\Pipeline.php(124): call_user_func_array(Array, Array)
#21 D:\xampp2\htdocs\levi-lts\local\vendor\laravel\framework\src\Illuminate\View\Middleware\ShareErrorsFromSession.php(54): Illuminate\Pipeline\Pipeline->Illuminate\Pipeline\{closure}(Object(Illuminate\Http\Request))
#22 [internal function]: Illuminate\View\Middleware\ShareErrorsFromSession->handle(Object(Illuminate\Http\Request), Object(Closure))
#23 D:\xampp2\htdocs\levi-lts\local\vendor\laravel\framework\src\Illuminate\Pipeline\Pipeline.php(124): call_user_func_array(Array, Array)
#24 D:\xampp2\htdocs\levi-lts\local\vendor\laravel\framework\src\Illuminate\Session\Middleware\StartSession.php(62): Illuminate\Pipeline\Pipeline->Illuminate\Pipeline\{closure}(Object(Illuminate\Http\Request))
#25 [internal function]: Illuminate\Session\Middleware\StartSession->handle(Object(Illuminate\Http\Request), Object(Closure))
#26 D:\xampp2\htdocs\levi-lts\local\vendor\laravel\framework\src\Illuminate\Pipeline\Pipeline.php(124): call_user_func_array(Array, Array)
#27 D:\xampp2\htdocs\levi-lts\local\vendor\laravel\framework\src\Illuminate\Cookie\Middleware\AddQueuedCookiesToResponse.php(37): Illuminate\Pipeline\Pipeline->Illuminate\Pipeline\{closure}(Object(Illuminate\Http\Request))
#28 [internal function]: Illuminate\Cookie\Middleware\AddQueuedCookiesToResponse->handle(Object(Illuminate\Http\Request), Object(Closure))
#29 D:\xampp2\htdocs\levi-lts\local\vendor\laravel\framework\src\Illuminate\Pipeline\Pipeline.php(124): call_user_func_array(Array, Array)
#30 D:\xampp2\htdocs\levi-lts\local\vendor\laravel\framework\src\Illuminate\Cookie\Middleware\EncryptCookies.php(59): Illuminate\Pipeline\Pipeline->Illuminate\Pipeline\{closure}(Object(Illuminate\Http\Request))
#31 [internal function]: Illuminate\Cookie\Middleware\EncryptCookies->handle(Object(Illuminate\Http\Request), Object(Closure))
#32 D:\xampp2\htdocs\levi-lts\local\vendor\laravel\framework\src\Illuminate\Pipeline\Pipeline.php(124): call_user_func_array(Array, Array)
#33 D:\xampp2\htdocs\levi-lts\local\vendor\laravel\framework\src\Illuminate\Foundation\Http\Middleware\CheckForMaintenanceMode.php(42): Illuminate\Pipeline\Pipeline->Illuminate\Pipeline\{closure}(Object(Illuminate\Http\Request))
#34 [internal function]: Illuminate\Foundation\Http\Middleware\CheckForMaintenanceMode->handle(Object(Illuminate\Http\Request), Object(Closure))
#35 D:\xampp2\htdocs\levi-lts\local\vendor\laravel\framework\src\Illuminate\Pipeline\Pipeline.php(124): call_user_func_array(Array, Array)
#36 [internal function]: Illuminate\Pipeline\Pipeline->Illuminate\Pipeline\{closure}(Object(Illuminate\Http\Request))
#37 D:\xampp2\htdocs\levi-lts\local\vendor\laravel\framework\src\Illuminate\Pipeline\Pipeline.php(103): call_user_func(Object(Closure), Object(Illuminate\Http\Request))
#38 D:\xampp2\htdocs\levi-lts\local\vendor\laravel\framework\src\Illuminate\Foundation\Http\Kernel.php(118): Illuminate\Pipeline\Pipeline->then(Object(Closure))
#39 D:\xampp2\htdocs\levi-lts\local\vendor\laravel\framework\src\Illuminate\Foundation\Http\Kernel.php(86): Illuminate\Foundation\Http\Kernel->sendRequestThroughRouter(Object(Illuminate\Http\Request))
#40 D:\xampp2\htdocs\levi-lts\index.php(55): Illuminate\Foundation\Http\Kernel->handle(Object(Illuminate\Http\Request))
#41 {main}  
[2015-07-09 14:30:22] local.ERROR: exception 'ErrorException' with message 'Class 'Barryvdh\DomPDF\Facades\PDF' not found' in D:\xampp2\htdocs\levi-lts\local\vendor\laravel\framework\src\Illuminate\Foundation\AliasLoader.php:66
Stack trace:
#0 [internal function]: Illuminate\Foundation\Bootstrap\HandleExceptions->handleError(2, 'Class 'Barryvdh...', 'D:\\xampp2\\htdoc...', 66, Array)
#1 D:\xampp2\htdocs\levi-lts\local\vendor\laravel\framework\src\Illuminate\Foundation\AliasLoader.php(66): class_alias('Barryvdh\\DomPDF...', 'PDF')
#2 [internal function]: Illuminate\Foundation\AliasLoader->load('PDF')
#3 D:\xampp2\htdocs\levi-lts\local\app\Http\routes.php(22): spl_autoload_call('PDF')
#4 [internal function]: App\Providers\RouteServiceProvider->{closure}()
#5 D:\xampp2\htdocs\levi-lts\local\vendor\laravel\framework\src\Illuminate\Routing\Route.php(155): call_user_func_array(Object(Closure), Array)
#6 D:\xampp2\htdocs\levi-lts\local\vendor\laravel\framework\src\Illuminate\Routing\Route.php(130): Illuminate\Routing\Route->runCallable(Object(Illuminate\Http\Request))
#7 D:\xampp2\htdocs\levi-lts\local\vendor\laravel\framework\src\Illuminate\Routing\Router.php(704): Illuminate\Routing\Route->run(Object(Illuminate\Http\Request))
#8 [internal function]: Illuminate\Routing\Router->Illuminate\Routing\{closure}(Object(Illuminate\Http\Request))
#9 D:\xampp2\htdocs\levi-lts\local\vendor\laravel\framework\src\Illuminate\Pipeline\Pipeline.php(139): call_user_func(Object(Closure), Object(Illuminate\Http\Request))
#10 [internal function]: Illuminate\Pipeline\Pipeline->Illuminate\Pipeline\{closure}(Object(Illuminate\Http\Request))
#11 D:\xampp2\htdocs\levi-lts\local\vendor\laravel\framework\src\Illuminate\Pipeline\Pipeline.php(103): call_user_func(Object(Closure), Object(Illuminate\Http\Request))
#12 D:\xampp2\htdocs\levi-lts\local\vendor\laravel\framework\src\Illuminate\Routing\Router.php(706): Illuminate\Pipeline\Pipeline->then(Object(Closure))
#13 D:\xampp2\htdocs\levi-lts\local\vendor\laravel\framework\src\Illuminate\Routing\Router.php(671): Illuminate\Routing\Router->runRouteWithinStack(Object(Illuminate\Routing\Route), Object(Illuminate\Http\Request))
#14 D:\xampp2\htdocs\levi-lts\local\vendor\laravel\framework\src\Illuminate\Routing\Router.php(631): Illuminate\Routing\Router->dispatchToRoute(Object(Illuminate\Http\Request))
#15 D:\xampp2\htdocs\levi-lts\local\vendor\laravel\framework\src\Illuminate\Foundation\Http\Kernel.php(229): Illuminate\Routing\Router->dispatch(Object(Illuminate\Http\Request))
#16 [internal function]: Illuminate\Foundation\Http\Kernel->Illuminate\Foundation\Http\{closure}(Object(Illuminate\Http\Request))
#17 D:\xampp2\htdocs\levi-lts\local\vendor\laravel\framework\src\Illuminate\Pipeline\Pipeline.php(139): call_user_func(Object(Closure), Object(Illuminate\Http\Request))
#18 D:\xampp2\htdocs\levi-lts\local\vendor\laravel\framework\src\Illuminate\Foundation\Http\Middleware\VerifyCsrfToken.php(50): Illuminate\Pipeline\Pipeline->Illuminate\Pipeline\{closure}(Object(Illuminate\Http\Request))
#19 [internal function]: Illuminate\Foundation\Http\Middleware\VerifyCsrfToken->handle(Object(Illuminate\Http\Request), Object(Closure))
#20 D:\xampp2\htdocs\levi-lts\local\vendor\laravel\framework\src\Illuminate\Pipeline\Pipeline.php(124): call_user_func_array(Array, Array)
#21 D:\xampp2\htdocs\levi-lts\local\vendor\laravel\framework\src\Illuminate\View\Middleware\ShareErrorsFromSession.php(54): Illuminate\Pipeline\Pipeline->Illuminate\Pipeline\{closure}(Object(Illuminate\Http\Request))
#22 [internal function]: Illuminate\View\Middleware\ShareErrorsFromSession->handle(Object(Illuminate\Http\Request), Object(Closure))
#23 D:\xampp2\htdocs\levi-lts\local\vendor\laravel\framework\src\Illuminate\Pipeline\Pipeline.php(124): call_user_func_array(Array, Array)
#24 D:\xampp2\htdocs\levi-lts\local\vendor\laravel\framework\src\Illuminate\Session\Middleware\StartSession.php(62): Illuminate\Pipeline\Pipeline->Illuminate\Pipeline\{closure}(Object(Illuminate\Http\Request))
#25 [internal function]: Illuminate\Session\Middleware\StartSession->handle(Object(Illuminate\Http\Request), Object(Closure))
#26 D:\xampp2\htdocs\levi-lts\local\vendor\laravel\framework\src\Illuminate\Pipeline\Pipeline.php(124): call_user_func_array(Array, Array)
#27 D:\xampp2\htdocs\levi-lts\local\vendor\laravel\framework\src\Illuminate\Cookie\Middleware\AddQueuedCookiesToResponse.php(37): Illuminate\Pipeline\Pipeline->Illuminate\Pipeline\{closure}(Object(Illuminate\Http\Request))
#28 [internal function]: Illuminate\Cookie\Middleware\AddQueuedCookiesToResponse->handle(Object(Illuminate\Http\Request), Object(Closure))
#29 D:\xampp2\htdocs\levi-lts\local\vendor\laravel\framework\src\Illuminate\Pipeline\Pipeline.php(124): call_user_func_array(Array, Array)
#30 D:\xampp2\htdocs\levi-lts\local\vendor\laravel\framework\src\Illuminate\Cookie\Middleware\EncryptCookies.php(59): Illuminate\Pipeline\Pipeline->Illuminate\Pipeline\{closure}(Object(Illuminate\Http\Request))
#31 [internal function]: Illuminate\Cookie\Middleware\EncryptCookies->handle(Object(Illuminate\Http\Request), Object(Closure))
#32 D:\xampp2\htdocs\levi-lts\local\vendor\laravel\framework\src\Illuminate\Pipeline\Pipeline.php(124): call_user_func_array(Array, Array)
#33 D:\xampp2\htdocs\levi-lts\local\vendor\laravel\framework\src\Illuminate\Foundation\Http\Middleware\CheckForMaintenanceMode.php(42): Illuminate\Pipeline\Pipeline->Illuminate\Pipeline\{closure}(Object(Illuminate\Http\Request))
#34 [internal function]: Illuminate\Foundation\Http\Middleware\CheckForMaintenanceMode->handle(Object(Illuminate\Http\Request), Object(Closure))
#35 D:\xampp2\htdocs\levi-lts\local\vendor\laravel\framework\src\Illuminate\Pipeline\Pipeline.php(124): call_user_func_array(Array, Array)
#36 [internal function]: Illuminate\Pipeline\Pipeline->Illuminate\Pipeline\{closure}(Object(Illuminate\Http\Request))
#37 D:\xampp2\htdocs\levi-lts\local\vendor\laravel\framework\src\Illuminate\Pipeline\Pipeline.php(103): call_user_func(Object(Closure), Object(Illuminate\Http\Request))
#38 D:\xampp2\htdocs\levi-lts\local\vendor\laravel\framework\src\Illuminate\Foundation\Http\Kernel.php(118): Illuminate\Pipeline\Pipeline->then(Object(Closure))
#39 D:\xampp2\htdocs\levi-lts\local\vendor\laravel\framework\src\Illuminate\Foundation\Http\Kernel.php(86): Illuminate\Foundation\Http\Kernel->sendRequestThroughRouter(Object(Illuminate\Http\Request))
#40 D:\xampp2\htdocs\levi-lts\index.php(55): Illuminate\Foundation\Http\Kernel->handle(Object(Illuminate\Http\Request))
#41 {main}  
[2015-07-09 14:30:55] local.ERROR: exception 'Symfony\Component\Debug\Exception\FatalErrorException' with message 'Class 'PDF' not found' in D:\xampp2\htdocs\levi-lts\local\app\Http\routes.php:22
Stack trace:
#0 {main}  
[2015-07-09 14:31:08] local.ERROR: exception 'Symfony\Component\Debug\Exception\FatalErrorException' with message 'Call to undefined method DOMPDF::loadHTML()' in D:\xampp2\htdocs\levi-lts\local\app\Http\routes.php:23
Stack trace:
#0 {main}  
[2015-07-09 14:32:01] local.ERROR: exception 'Symfony\Component\Debug\Exception\FatalErrorException' with message 'Call to undefined method DOMPDF::loadHTML()' in D:\xampp2\htdocs\levi-lts\local\app\Http\routes.php:23
Stack trace:
#0 {main}  
[2015-07-09 14:32:04] local.ERROR: exception 'Symfony\Component\Debug\Exception\FatalErrorException' with message 'Call to undefined method DOMPDF::loadHTML()' in D:\xampp2\htdocs\levi-lts\local\app\Http\routes.php:23
Stack trace:
#0 {main}  
[2015-07-09 14:38:26] local.ERROR: exception 'Symfony\Component\Debug\Exception\FatalErrorException' with message 'Call to undefined method DOMPDF::loadHTML()' in D:\xampp2\htdocs\levi-lts\local\app\Http\routes.php:23
Stack trace:
#0 {main}  
[2015-07-09 14:38:40] local.ERROR: exception 'Symfony\Component\Debug\Exception\FatalErrorException' with message 'Call to undefined method DOMPDF::loadHTML()' in D:\xampp2\htdocs\levi-lts\local\app\Http\routes.php:23
Stack trace:
#0 {main}  
[2015-07-09 14:39:47] local.ERROR: exception 'Symfony\Component\Debug\Exception\FatalErrorException' with message 'Class 'Excel' not found' in D:\xampp2\htdocs\levi-lts\local\app\Http\routes.php:29
Stack trace:
#0 {main}  
[2015-07-09 14:40:27] local.ERROR: exception 'Symfony\Component\Debug\Exception\FatalErrorException' with message 'Class 'Excel' not found' in D:\xampp2\htdocs\levi-lts\local\app\Http\routes.php:29
Stack trace:
#0 {main}  
[2015-07-14 00:47:27] local.ERROR: exception 'ReflectionException' with message 'Class App\Http\Controllers\MainController does not exist' in D:\xampp2\htdocs\timetravel\local\vendor\laravel\framework\src\Illuminate\Routing\ControllerInspector.php:32
Stack trace:
#0 D:\xampp2\htdocs\timetravel\local\vendor\laravel\framework\src\Illuminate\Routing\ControllerInspector.php(32): ReflectionClass->__construct('App\\Http\\Contro...')
#1 D:\xampp2\htdocs\timetravel\local\vendor\laravel\framework\src\Illuminate\Routing\Router.php(255): Illuminate\Routing\ControllerInspector->getRoutable('App\\Http\\Contro...', 'main')
#2 D:\xampp2\htdocs\timetravel\local\vendor\laravel\framework\src\Illuminate\Support\Facades\Facade.php(213): Illuminate\Routing\Router->controller('main', 'MainController')
#3 D:\xampp2\htdocs\timetravel\local\app\Http\routes.php(14): Illuminate\Support\Facades\Facade::__callStatic('controller', Array)
#4 D:\xampp2\htdocs\timetravel\local\app\Http\routes.php(14): Illuminate\Support\Facades\Route::controller('main', 'MainController')
#5 D:\xampp2\htdocs\timetravel\local\app\Providers\RouteServiceProvider.php(41): require('D:\\xampp2\\htdoc...')
#6 [internal function]: App\Providers\RouteServiceProvider->App\Providers\{closure}(Object(Illuminate\Routing\Router))
#7 D:\xampp2\htdocs\timetravel\local\vendor\laravel\framework\src\Illuminate\Routing\Router.php(350): call_user_func(Object(Closure), Object(Illuminate\Routing\Router))
#8 D:\xampp2\htdocs\timetravel\local\app\Providers\RouteServiceProvider.php(42): Illuminate\Routing\Router->group(Array, Object(Closure))
#9 [internal function]: App\Providers\RouteServiceProvider->map(Object(Illuminate\Routing\Router))
#10 D:\xampp2\htdocs\timetravel\local\vendor\laravel\framework\src\Illuminate\Container\Container.php(502): call_user_func_array(Array, Array)
#11 D:\xampp2\htdocs\timetravel\local\vendor\laravel\framework\src\Illuminate\Foundation\Support\Providers\RouteServiceProvider.php(68): Illuminate\Container\Container->call(Array)
#12 D:\xampp2\htdocs\timetravel\local\vendor\laravel\framework\src\Illuminate\Foundation\Support\Providers\RouteServiceProvider.php(30): Illuminate\Foundation\Support\Providers\RouteServiceProvider->loadRoutes()
#13 D:\xampp2\htdocs\timetravel\local\app\Providers\RouteServiceProvider.php(29): Illuminate\Foundation\Support\Providers\RouteServiceProvider->boot(Object(Illuminate\Routing\Router))
#14 [internal function]: App\Providers\RouteServiceProvider->boot(Object(Illuminate\Routing\Router))
#15 D:\xampp2\htdocs\timetravel\local\vendor\laravel\framework\src\Illuminate\Container\Container.php(502): call_user_func_array(Array, Array)
#16 D:\xampp2\htdocs\timetravel\local\vendor\laravel\framework\src\Illuminate\Foundation\Application.php(734): Illuminate\Container\Container->call(Array)
#17 D:\xampp2\htdocs\timetravel\local\vendor\laravel\framework\src\Illuminate\Foundation\Application.php(717): Illuminate\Foundation\Application->bootProvider(Object(App\Providers\RouteServiceProvider))
#18 [internal function]: Illuminate\Foundation\Application->Illuminate\Foundation\{closure}(Object(App\Providers\RouteServiceProvider), 18)
#19 D:\xampp2\htdocs\timetravel\local\vendor\laravel\framework\src\Illuminate\Foundation\Application.php(718): array_walk(Array, Object(Closure))
#20 D:\xampp2\htdocs\timetravel\local\vendor\laravel\framework\src\Illuminate\Foundation\Bootstrap\BootProviders.php(17): Illuminate\Foundation\Application->boot()
#21 D:\xampp2\htdocs\timetravel\local\vendor\laravel\framework\src\Illuminate\Foundation\Application.php(203): Illuminate\Foundation\Bootstrap\BootProviders->bootstrap(Object(Illuminate\Foundation\Application))
#22 D:\xampp2\htdocs\timetravel\local\vendor\laravel\framework\src\Illuminate\Foundation\Http\Kernel.php(215): Illuminate\Foundation\Application->bootstrapWith(Array)
#23 D:\xampp2\htdocs\timetravel\local\vendor\laravel\framework\src\Illuminate\Foundation\Http\Kernel.php(110): Illuminate\Foundation\Http\Kernel->bootstrap()
#24 D:\xampp2\htdocs\timetravel\local\vendor\laravel\framework\src\Illuminate\Foundation\Http\Kernel.php(86): Illuminate\Foundation\Http\Kernel->sendRequestThroughRouter(Object(Illuminate\Http\Request))
#25 D:\xampp2\htdocs\timetravel\index.php(55): Illuminate\Foundation\Http\Kernel->handle(Object(Illuminate\Http\Request))
#26 {main}  
